<?xml version="1.0" encoding="UTF-8"?>
<!-- Generated by org.testng.reporters.JUnitXMLReporter -->
<testsuite ignored="0" hostname="Talib" failures="0" tests="6" name="chromeTest" time="104.576" errors="0" timestamp="2024-12-08T14:17:38 IST">
  <testcase classname="testCases.TC001_AccountRegistrationTest" name="verifyAccountRegistratioin" time="15.206"/>
  <testcase classname="testCases.TC002_LoginTest" name="verifyLogin" time="7.862"/>
  <testcase classname="testCases.TC003_DDTLoginTest" name="VerifyLoginDDt" time="5.602"/>
  <testcase classname="testCases.TC003_DDTLoginTest" name="VerifyLoginDDt" time="12.607"/>
  <testcase classname="testCases.TC003_DDTLoginTest" name="VerifyLoginDDt" time="16.464"/>
  <testcase classname="testCases.TC003_DDTLoginTest" name="VerifyLoginDDt" time="3.273"/>
</testsuite> <!-- chromeTest -->
