<?xml version="1.0" encoding="UTF-8"?>
<!-- Generated by org.testng.reporters.JUnitXMLReporter -->
<testsuite ignored="0" hostname="Talib" failures="0" tests="6" name="chromeTest" time="69.744" errors="0" timestamp="2024-12-14T11:09:19 IST">
  <testcase classname="testCases.TC001_AccountRegistrationTest" name="verifyAccountRegistratioin" time="7.093"/>
  <testcase classname="testCases.TC002_LoginTest" name="verifyLogin" time="4.012"/>
  <testcase classname="testCases.TC003_DDTLoginTest" name="VerifyLoginDDt" time="3.07"/>
  <testcase classname="testCases.TC003_DDTLoginTest" name="VerifyLoginDDt" time="12.345"/>
  <testcase classname="testCases.TC003_DDTLoginTest" name="VerifyLoginDDt" time="12.323"/>
  <testcase classname="testCases.TC003_DDTLoginTest" name="VerifyLoginDDt" time="2.647"/>
</testsuite> <!-- chromeTest -->
