<?xml version="1.0" encoding="UTF-8"?>
<!-- Generated by org.testng.reporters.JUnitXMLReporter -->
<testsuite ignored="0" hostname="Talib" failures="0" tests="6" name="EdgeTest" time="3.881" errors="0" timestamp="2024-12-14T11:09:24 IST">
  <testcase classname="testCases.TC001_AccountRegistrationTest" name="verifyAccountRegistratioin" time="0.0">
    <skipped/>
  </testcase> <!-- verifyAccountRegistratioin -->
  <testcase classname="testCases.TC002_LoginTest" name="verifyLogin" time="0.0">
    <skipped/>
  </testcase> <!-- verifyLogin -->
  <testcase classname="testCases.TC003_DDTLoginTest" name="VerifyLoginDDt" time="0.0">
    <skipped/>
  </testcase> <!-- VerifyLoginDDt -->
  <testcase classname="testCases.TC003_DDTLoginTest" name="VerifyLoginDDt" time="0.0">
    <skipped/>
  </testcase> <!-- VerifyLoginDDt -->
  <testcase classname="testCases.TC003_DDTLoginTest" name="VerifyLoginDDt" time="0.0">
    <skipped/>
  </testcase> <!-- VerifyLoginDDt -->
  <testcase classname="testCases.TC003_DDTLoginTest" name="VerifyLoginDDt" time="0.0">
    <skipped/>
  </testcase> <!-- VerifyLoginDDt -->
</testsuite> <!-- EdgeTest -->
