<?xml version="1.0" encoding="UTF-8"?>
<!-- Generated by org.testng.reporters.JUnitXMLReporter -->
<testsuite ignored="0" hostname="Talib" failures="0" tests="6" name="EdgeTest" time="104.792" errors="0" timestamp="2024-12-08T14:17:39 IST">
  <testcase classname="testCases.TC001_AccountRegistrationTest" name="verifyAccountRegistratioin" time="15.29"/>
  <testcase classname="testCases.TC002_LoginTest" name="verifyLogin" time="6.419"/>
  <testcase classname="testCases.TC003_DDTLoginTest" name="VerifyLoginDDt" time="4.959"/>
  <testcase classname="testCases.TC003_DDTLoginTest" name="VerifyLoginDDt" time="13.33"/>
  <testcase classname="testCases.TC003_DDTLoginTest" name="VerifyLoginDDt" time="15.998"/>
  <testcase classname="testCases.TC003_DDTLoginTest" name="VerifyLoginDDt" time="3.285"/>
</testsuite> <!-- EdgeTest -->
