<?xml version="1.0" encoding="UTF-8"?>
<!-- Generated by org.testng.reporters.JUnitXMLReporter -->
<testsuite ignored="0" hostname="Talib" failures="0" tests="6" name="FireFoxTest" time="101.752" errors="0" timestamp="2024-12-08T14:17:37 IST">
  <testcase classname="testCases.TC001_AccountRegistrationTest" name="verifyAccountRegistratioin" time="5.442"/>
  <testcase classname="testCases.TC002_LoginTest" name="verifyLogin" time="3.328"/>
  <testcase classname="testCases.TC003_DDTLoginTest" name="VerifyLoginDDt" time="3.55"/>
  <testcase classname="testCases.TC003_DDTLoginTest" name="VerifyLoginDDt" time="11.811"/>
  <testcase classname="testCases.TC003_DDTLoginTest" name="VerifyLoginDDt" time="16.818"/>
  <testcase classname="testCases.TC003_DDTLoginTest" name="VerifyLoginDDt" time="2.165"/>
</testsuite> <!-- FireFoxTest -->
