<?xml version="1.0" encoding="UTF-8"?>
<!-- Generated by org.testng.reporters.JUnitXMLReporter -->
<testsuite ignored="0" hostname="Talib" failures="0" tests="6" name="FireFoxTest" time="66.614" errors="0" timestamp="2024-12-14T11:10:31 IST">
  <testcase classname="testCases.TC001_AccountRegistrationTest" name="verifyAccountRegistratioin" time="6.16"/>
  <testcase classname="testCases.TC002_LoginTest" name="verifyLogin" time="2.008"/>
  <testcase classname="testCases.TC003_DDTLoginTest" name="VerifyLoginDDt" time="2.901"/>
  <testcase classname="testCases.TC003_DDTLoginTest" name="VerifyLoginDDt" time="13.83"/>
  <testcase classname="testCases.TC003_DDTLoginTest" name="VerifyLoginDDt" time="11.438"/>
  <testcase classname="testCases.TC003_DDTLoginTest" name="VerifyLoginDDt" time="2.392"/>
</testsuite> <!-- FireFoxTest -->
