<?xml version="1.0" encoding="UTF-8"?>
<!-- Generated by org.testng.reporters.JUnitXMLReporter -->
<testsuite ignored="0" hostname="Talib" failures="0" tests="4" name="Test" time="6.559" errors="0" timestamp="2024-12-14T11:01:43 IST">
  <testcase classname="testCases.BaseClass" name="@BeforeClass setUp" time="4.075">
    <failure type="java.lang.NullPointerException" message="Cannot invoke &amp;quot;org.openqa.selenium.WebDriver.manage()&amp;quot; because &amp;quot;testCases.BaseClass.driver&amp;quot; is null">
      <![CDATA[java.lang.NullPointerException: Cannot invoke "org.openqa.selenium.WebDriver.manage()" because "testCases.BaseClass.driver" is null
at testCases.BaseClass.setUp(BaseClass.java:141)
at java.base/java.util.ArrayList.forEach(ArrayList.java:1511)
... Removed 25 stack frames]]>
    </failure>
  </testcase> <!-- @BeforeClass setUp -->
  <testcase classname="testCases.BaseClass" name="@AfterClass tearDown" time="0.0">
    <skipped/>
  </testcase> <!-- @AfterClass tearDown -->
  <testcase classname="testCases.TC003_DDTLoginTest" name="VerifyLoginDDt" time="0.001">
    <skipped/>
  </testcase> <!-- VerifyLoginDDt -->
  <testcase classname="testCases.TC003_DDTLoginTest" name="VerifyLoginDDt" time="0.0">
    <skipped/>
  </testcase> <!-- VerifyLoginDDt -->
  <testcase classname="testCases.TC003_DDTLoginTest" name="VerifyLoginDDt" time="0.001">
    <skipped/>
  </testcase> <!-- VerifyLoginDDt -->
  <testcase classname="testCases.TC003_DDTLoginTest" name="VerifyLoginDDt" time="0.0">
    <skipped/>
  </testcase> <!-- VerifyLoginDDt -->
</testsuite> <!-- Test -->
