<?xml version="1.0" encoding="UTF-8"?>
<testng-results ignored="0" total="1" passed="1" failed="0" skipped="0">
  <reporter-output>
  </reporter-output>
  <suite started-at="2024-12-13T22:23:56 IST" name="Default suite" finished-at="2024-12-13T22:24:02 IST" duration-ms="5853">
    <groups>
    </groups>
    <test started-at="2024-12-13T22:23:56 IST" name="Default test" finished-at="2024-12-13T22:24:02 IST" duration-ms="5853">
      <class name="testCases.TC_004_VerifyEmail">
        <test-method signature="verifyEmail()[pri:0, instance:testCases.TC_004_VerifyEmail@590c73d3]" started-at="2024-12-13T22:23:57 IST" name="verifyEmail" finished-at="2024-12-13T22:24:02 IST" duration-ms="5778" status="PASS">
          <reporter-output>
          </reporter-output>
        </test-method> <!-- verifyEmail -->
      </class> <!-- testCases.TC_004_VerifyEmail -->
    </test> <!-- Default test -->
  </suite> <!-- Default suite -->
</testng-results>
