<?xml version="1.0" encoding="UTF-8"?>
<testng-results ignored="0" total="18" passed="18" failed="0" skipped="0">
  <reporter-output>
  </reporter-output>
  <suite started-at="2024-12-08T14:15:53 IST" name="Suite" finished-at="2024-12-08T14:17:38 IST" duration-ms="104792">
    <groups>
      <group name="regression">
        <method signature="TC001_AccountRegistrationTest.verifyAccountRegistratioin()[pri:0, instance:testCases.TC001_AccountRegistrationTest@150ab4ed]" name="verifyAccountRegistratioin" class="testCases.TC001_AccountRegistrationTest"/>
        <method signature="TC001_AccountRegistrationTest.verifyAccountRegistratioin()[pri:0, instance:testCases.TC001_AccountRegistrationTest@7e3060d8]" name="verifyAccountRegistratioin" class="testCases.TC001_AccountRegistrationTest"/>
        <method signature="TC001_AccountRegistrationTest.verifyAccountRegistratioin()[pri:0, instance:testCases.TC001_AccountRegistrationTest@62fad19]" name="verifyAccountRegistratioin" class="testCases.TC001_AccountRegistrationTest"/>
      </group> <!-- regression -->
      <group name="sanity">
        <method signature="TC002_LoginTest.verifyLogin()[pri:0, instance:testCases.TC002_LoginTest@78a287ed]" name="verifyLogin" class="testCases.TC002_LoginTest"/>
        <method signature="TC002_LoginTest.verifyLogin()[pri:0, instance:testCases.TC002_LoginTest@293d0107]" name="verifyLogin" class="testCases.TC002_LoginTest"/>
        <method signature="TC002_LoginTest.verifyLogin()[pri:0, instance:testCases.TC002_LoginTest@47dbb1e2]" name="verifyLogin" class="testCases.TC002_LoginTest"/>
      </group> <!-- sanity -->
      <group name="dataDriven">
        <method signature="TC003_DDTLoginTest.VerifyLoginDDt(java.lang.String,java.lang.String,java.lang.String)[pri:0, instance:testCases.TC003_DDTLoginTest@546ccad7]" name="VerifyLoginDDt" class="testCases.TC003_DDTLoginTest"/>
        <method signature="TC003_DDTLoginTest.VerifyLoginDDt(java.lang.String,java.lang.String,java.lang.String)[pri:0, instance:testCases.TC003_DDTLoginTest@2692b61e]" name="VerifyLoginDDt" class="testCases.TC003_DDTLoginTest"/>
        <method signature="TC003_DDTLoginTest.VerifyLoginDDt(java.lang.String,java.lang.String,java.lang.String)[pri:0, instance:testCases.TC003_DDTLoginTest@74cadd41]" name="VerifyLoginDDt" class="testCases.TC003_DDTLoginTest"/>
      </group> <!-- dataDriven -->
      <group name="master">
        <method signature="TC001_AccountRegistrationTest.verifyAccountRegistratioin()[pri:0, instance:testCases.TC001_AccountRegistrationTest@150ab4ed]" name="verifyAccountRegistratioin" class="testCases.TC001_AccountRegistrationTest"/>
        <method signature="TC002_LoginTest.verifyLogin()[pri:0, instance:testCases.TC002_LoginTest@78a287ed]" name="verifyLogin" class="testCases.TC002_LoginTest"/>
        <method signature="TC003_DDTLoginTest.VerifyLoginDDt(java.lang.String,java.lang.String,java.lang.String)[pri:0, instance:testCases.TC003_DDTLoginTest@546ccad7]" name="VerifyLoginDDt" class="testCases.TC003_DDTLoginTest"/>
        <method signature="TC001_AccountRegistrationTest.verifyAccountRegistratioin()[pri:0, instance:testCases.TC001_AccountRegistrationTest@7e3060d8]" name="verifyAccountRegistratioin" class="testCases.TC001_AccountRegistrationTest"/>
        <method signature="TC002_LoginTest.verifyLogin()[pri:0, instance:testCases.TC002_LoginTest@293d0107]" name="verifyLogin" class="testCases.TC002_LoginTest"/>
        <method signature="TC003_DDTLoginTest.VerifyLoginDDt(java.lang.String,java.lang.String,java.lang.String)[pri:0, instance:testCases.TC003_DDTLoginTest@2692b61e]" name="VerifyLoginDDt" class="testCases.TC003_DDTLoginTest"/>
        <method signature="TC001_AccountRegistrationTest.verifyAccountRegistratioin()[pri:0, instance:testCases.TC001_AccountRegistrationTest@62fad19]" name="verifyAccountRegistratioin" class="testCases.TC001_AccountRegistrationTest"/>
        <method signature="TC002_LoginTest.verifyLogin()[pri:0, instance:testCases.TC002_LoginTest@47dbb1e2]" name="verifyLogin" class="testCases.TC002_LoginTest"/>
        <method signature="TC003_DDTLoginTest.VerifyLoginDDt(java.lang.String,java.lang.String,java.lang.String)[pri:0, instance:testCases.TC003_DDTLoginTest@74cadd41]" name="VerifyLoginDDt" class="testCases.TC003_DDTLoginTest"/>
      </group> <!-- master -->
    </groups>
    <test started-at="2024-12-08T14:15:53 IST" name="FireFoxTest" finished-at="2024-12-08T14:17:35 IST" duration-ms="101752">
      <class name="testCases.TC002_LoginTest">
        <test-method is-config="true" signature="setUp(java.lang.String,java.lang.String)[pri:0, instance:testCases.TC002_LoginTest@47dbb1e2]" started-at="2024-12-08T14:16:24 IST" name="setUp" finished-at="2024-12-08T14:16:36 IST" duration-ms="11835" status="PASS">
          <params>
            <param index="0">
              <value>
                <![CDATA[windows]]>
              </value>
            </param>
            <param index="1">
              <value>
                <![CDATA[firefox]]>
              </value>
            </param>
          </params>
          <reporter-output>
          </reporter-output>
        </test-method> <!-- setUp -->
        <test-method signature="verifyLogin()[pri:0, instance:testCases.TC002_LoginTest@47dbb1e2]" started-at="2024-12-08T14:16:36 IST" name="verifyLogin" finished-at="2024-12-08T14:16:40 IST" duration-ms="3328" status="PASS">
          <reporter-output>
          </reporter-output>
        </test-method> <!-- verifyLogin -->
        <test-method is-config="true" signature="tearDown()[pri:0, instance:testCases.TC002_LoginTest@47dbb1e2]" started-at="2024-12-08T14:16:40 IST" name="tearDown" finished-at="2024-12-08T14:16:42 IST" duration-ms="2819" status="PASS">
          <reporter-output>
          </reporter-output>
        </test-method> <!-- tearDown -->
      </class> <!-- testCases.TC002_LoginTest -->
      <class name="testCases.TC003_DDTLoginTest">
        <test-method is-config="true" signature="setUp(java.lang.String,java.lang.String)[pri:0, instance:testCases.TC003_DDTLoginTest@74cadd41]" started-at="2024-12-08T14:16:42 IST" name="setUp" finished-at="2024-12-08T14:16:51 IST" duration-ms="8757" status="PASS">
          <params>
            <param index="0">
              <value>
                <![CDATA[windows]]>
              </value>
            </param>
            <param index="1">
              <value>
                <![CDATA[firefox]]>
              </value>
            </param>
          </params>
          <reporter-output>
          </reporter-output>
        </test-method> <!-- setUp -->
        <test-method signature="VerifyLoginDDt(java.lang.String,java.lang.String,java.lang.String)[pri:0, instance:testCases.TC003_DDTLoginTest@74cadd41]" started-at="2024-12-08T14:16:58 IST" name="VerifyLoginDDt" data-provider="loginData" finished-at="2024-12-08T14:17:01 IST" duration-ms="3550" status="PASS">
          <params>
            <param index="0">
              <value>
                <![CDATA[talib123@yopmail.com]]>
              </value>
            </param>
            <param index="1">
              <value>
                <![CDATA[Talib@123]]>
              </value>
            </param>
            <param index="2">
              <value>
                <![CDATA[Valid]]>
              </value>
            </param>
          </params>
          <reporter-output>
          </reporter-output>
        </test-method> <!-- VerifyLoginDDt -->
        <test-method signature="VerifyLoginDDt(java.lang.String,java.lang.String,java.lang.String)[pri:0, instance:testCases.TC003_DDTLoginTest@74cadd41]" started-at="2024-12-08T14:17:01 IST" name="VerifyLoginDDt" data-provider="loginData" finished-at="2024-12-08T14:17:13 IST" duration-ms="11811" status="PASS">
          <params>
            <param index="0">
              <value>
                <![CDATA[talib14@yopmail.com]]>
              </value>
            </param>
            <param index="1">
              <value>
                <![CDATA[Talib@123]]>
              </value>
            </param>
            <param index="2">
              <value>
                <![CDATA[Invalid]]>
              </value>
            </param>
          </params>
          <reporter-output>
          </reporter-output>
        </test-method> <!-- VerifyLoginDDt -->
        <test-method signature="VerifyLoginDDt(java.lang.String,java.lang.String,java.lang.String)[pri:0, instance:testCases.TC003_DDTLoginTest@74cadd41]" started-at="2024-12-08T14:17:13 IST" name="VerifyLoginDDt" data-provider="loginData" finished-at="2024-12-08T14:17:30 IST" duration-ms="16818" status="PASS">
          <params>
            <param index="0">
              <value>
                <![CDATA[talib13@yopmail.com]]>
              </value>
            </param>
            <param index="1">
              <value>
                <![CDATA[Talib@123456]]>
              </value>
            </param>
            <param index="2">
              <value>
                <![CDATA[Invalid]]>
              </value>
            </param>
          </params>
          <reporter-output>
          </reporter-output>
        </test-method> <!-- VerifyLoginDDt -->
        <test-method signature="VerifyLoginDDt(java.lang.String,java.lang.String,java.lang.String)[pri:0, instance:testCases.TC003_DDTLoginTest@74cadd41]" started-at="2024-12-08T14:17:30 IST" name="VerifyLoginDDt" data-provider="loginData" finished-at="2024-12-08T14:17:32 IST" duration-ms="2165" status="PASS">
          <params>
            <param index="0">
              <value>
                <![CDATA[talib123@yopmail.com]]>
              </value>
            </param>
            <param index="1">
              <value>
                <![CDATA[Talib@123]]>
              </value>
            </param>
            <param index="2">
              <value>
                <![CDATA[Valid]]>
              </value>
            </param>
          </params>
          <reporter-output>
          </reporter-output>
        </test-method> <!-- VerifyLoginDDt -->
        <test-method is-config="true" signature="tearDown()[pri:0, instance:testCases.TC003_DDTLoginTest@74cadd41]" started-at="2024-12-08T14:17:32 IST" name="tearDown" finished-at="2024-12-08T14:17:35 IST" duration-ms="2961" status="PASS">
          <reporter-output>
          </reporter-output>
        </test-method> <!-- tearDown -->
      </class> <!-- testCases.TC003_DDTLoginTest -->
      <class name="testCases.TC001_AccountRegistrationTest">
        <test-method is-config="true" signature="setUp(java.lang.String,java.lang.String)[pri:0, instance:testCases.TC001_AccountRegistrationTest@62fad19]" started-at="2024-12-08T14:15:55 IST" name="setUp" finished-at="2024-12-08T14:16:11 IST" duration-ms="16287" status="PASS">
          <params>
            <param index="0">
              <value>
                <![CDATA[windows]]>
              </value>
            </param>
            <param index="1">
              <value>
                <![CDATA[firefox]]>
              </value>
            </param>
          </params>
          <reporter-output>
          </reporter-output>
        </test-method> <!-- setUp -->
        <test-method signature="verifyAccountRegistratioin()[pri:0, instance:testCases.TC001_AccountRegistrationTest@62fad19]" started-at="2024-12-08T14:16:11 IST" name="verifyAccountRegistratioin" finished-at="2024-12-08T14:16:16 IST" duration-ms="5442" status="PASS">
          <reporter-output>
          </reporter-output>
        </test-method> <!-- verifyAccountRegistratioin -->
        <test-method is-config="true" signature="tearDown()[pri:0, instance:testCases.TC001_AccountRegistrationTest@62fad19]" started-at="2024-12-08T14:16:16 IST" name="tearDown" finished-at="2024-12-08T14:16:24 IST" duration-ms="7978" status="PASS">
          <reporter-output>
          </reporter-output>
        </test-method> <!-- tearDown -->
      </class> <!-- testCases.TC001_AccountRegistrationTest -->
    </test> <!-- FireFoxTest -->
    <test started-at="2024-12-08T14:15:53 IST" name="chromeTest" finished-at="2024-12-08T14:17:38 IST" duration-ms="104576">
      <class name="testCases.TC002_LoginTest">
        <test-method is-config="true" signature="setUp(java.lang.String,java.lang.String)[pri:0, instance:testCases.TC002_LoginTest@78a287ed]" started-at="2024-12-08T14:16:25 IST" name="setUp" finished-at="2024-12-08T14:16:31 IST" duration-ms="5675" status="PASS">
          <params>
            <param index="0">
              <value>
                <![CDATA[windows]]>
              </value>
            </param>
            <param index="1">
              <value>
                <![CDATA[chrome]]>
              </value>
            </param>
          </params>
          <reporter-output>
          </reporter-output>
        </test-method> <!-- setUp -->
        <test-method signature="verifyLogin()[pri:0, instance:testCases.TC002_LoginTest@78a287ed]" started-at="2024-12-08T14:16:31 IST" name="verifyLogin" finished-at="2024-12-08T14:16:39 IST" duration-ms="7862" status="PASS">
          <reporter-output>
          </reporter-output>
        </test-method> <!-- verifyLogin -->
        <test-method is-config="true" signature="tearDown()[pri:0, instance:testCases.TC002_LoginTest@78a287ed]" started-at="2024-12-08T14:16:39 IST" name="tearDown" finished-at="2024-12-08T14:16:44 IST" duration-ms="5482" status="PASS">
          <reporter-output>
          </reporter-output>
        </test-method> <!-- tearDown -->
      </class> <!-- testCases.TC002_LoginTest -->
      <class name="testCases.TC003_DDTLoginTest">
        <test-method is-config="true" signature="setUp(java.lang.String,java.lang.String)[pri:0, instance:testCases.TC003_DDTLoginTest@546ccad7]" started-at="2024-12-08T14:16:44 IST" name="setUp" finished-at="2024-12-08T14:16:53 IST" duration-ms="8637" status="PASS">
          <params>
            <param index="0">
              <value>
                <![CDATA[windows]]>
              </value>
            </param>
            <param index="1">
              <value>
                <![CDATA[chrome]]>
              </value>
            </param>
          </params>
          <reporter-output>
          </reporter-output>
        </test-method> <!-- setUp -->
        <test-method signature="VerifyLoginDDt(java.lang.String,java.lang.String,java.lang.String)[pri:0, instance:testCases.TC003_DDTLoginTest@546ccad7]" started-at="2024-12-08T14:16:58 IST" name="VerifyLoginDDt" data-provider="loginData" finished-at="2024-12-08T14:17:03 IST" duration-ms="5602" status="PASS">
          <params>
            <param index="0">
              <value>
                <![CDATA[talib123@yopmail.com]]>
              </value>
            </param>
            <param index="1">
              <value>
                <![CDATA[Talib@123]]>
              </value>
            </param>
            <param index="2">
              <value>
                <![CDATA[Valid]]>
              </value>
            </param>
          </params>
          <reporter-output>
          </reporter-output>
        </test-method> <!-- VerifyLoginDDt -->
        <test-method signature="VerifyLoginDDt(java.lang.String,java.lang.String,java.lang.String)[pri:0, instance:testCases.TC003_DDTLoginTest@546ccad7]" started-at="2024-12-08T14:17:03 IST" name="VerifyLoginDDt" data-provider="loginData" finished-at="2024-12-08T14:17:16 IST" duration-ms="12607" status="PASS">
          <params>
            <param index="0">
              <value>
                <![CDATA[talib14@yopmail.com]]>
              </value>
            </param>
            <param index="1">
              <value>
                <![CDATA[Talib@123]]>
              </value>
            </param>
            <param index="2">
              <value>
                <![CDATA[Invalid]]>
              </value>
            </param>
          </params>
          <reporter-output>
          </reporter-output>
        </test-method> <!-- VerifyLoginDDt -->
        <test-method signature="VerifyLoginDDt(java.lang.String,java.lang.String,java.lang.String)[pri:0, instance:testCases.TC003_DDTLoginTest@546ccad7]" started-at="2024-12-08T14:17:16 IST" name="VerifyLoginDDt" data-provider="loginData" finished-at="2024-12-08T14:17:32 IST" duration-ms="16464" status="PASS">
          <params>
            <param index="0">
              <value>
                <![CDATA[talib13@yopmail.com]]>
              </value>
            </param>
            <param index="1">
              <value>
                <![CDATA[Talib@123456]]>
              </value>
            </param>
            <param index="2">
              <value>
                <![CDATA[Invalid]]>
              </value>
            </param>
          </params>
          <reporter-output>
          </reporter-output>
        </test-method> <!-- VerifyLoginDDt -->
        <test-method signature="VerifyLoginDDt(java.lang.String,java.lang.String,java.lang.String)[pri:0, instance:testCases.TC003_DDTLoginTest@546ccad7]" started-at="2024-12-08T14:17:32 IST" name="VerifyLoginDDt" data-provider="loginData" finished-at="2024-12-08T14:17:36 IST" duration-ms="3273" status="PASS">
          <params>
            <param index="0">
              <value>
                <![CDATA[talib123@yopmail.com]]>
              </value>
            </param>
            <param index="1">
              <value>
                <![CDATA[Talib@123]]>
              </value>
            </param>
            <param index="2">
              <value>
                <![CDATA[Valid]]>
              </value>
            </param>
          </params>
          <reporter-output>
          </reporter-output>
        </test-method> <!-- VerifyLoginDDt -->
        <test-method is-config="true" signature="tearDown()[pri:0, instance:testCases.TC003_DDTLoginTest@546ccad7]" started-at="2024-12-08T14:17:36 IST" name="tearDown" finished-at="2024-12-08T14:17:38 IST" duration-ms="2437" status="PASS">
          <reporter-output>
          </reporter-output>
        </test-method> <!-- tearDown -->
      </class> <!-- testCases.TC003_DDTLoginTest -->
      <class name="testCases.TC001_AccountRegistrationTest">
        <test-method is-config="true" signature="setUp(java.lang.String,java.lang.String)[pri:0, instance:testCases.TC001_AccountRegistrationTest@150ab4ed]" started-at="2024-12-08T14:15:54 IST" name="setUp" finished-at="2024-12-08T14:16:08 IST" duration-ms="13482" status="PASS">
          <params>
            <param index="0">
              <value>
                <![CDATA[windows]]>
              </value>
            </param>
            <param index="1">
              <value>
                <![CDATA[chrome]]>
              </value>
            </param>
          </params>
          <reporter-output>
          </reporter-output>
        </test-method> <!-- setUp -->
        <test-method signature="verifyAccountRegistratioin()[pri:0, instance:testCases.TC001_AccountRegistrationTest@150ab4ed]" started-at="2024-12-08T14:16:08 IST" name="verifyAccountRegistratioin" finished-at="2024-12-08T14:16:24 IST" duration-ms="15206" status="PASS">
          <reporter-output>
          </reporter-output>
        </test-method> <!-- verifyAccountRegistratioin -->
        <test-method is-config="true" signature="tearDown()[pri:0, instance:testCases.TC001_AccountRegistrationTest@150ab4ed]" started-at="2024-12-08T14:16:24 IST" name="tearDown" finished-at="2024-12-08T14:16:25 IST" duration-ms="1446" status="PASS">
          <reporter-output>
          </reporter-output>
        </test-method> <!-- tearDown -->
      </class> <!-- testCases.TC001_AccountRegistrationTest -->
    </test> <!-- chromeTest -->
    <test started-at="2024-12-08T14:15:53 IST" name="EdgeTest" finished-at="2024-12-08T14:17:38 IST" duration-ms="104792">
      <class name="testCases.TC002_LoginTest">
        <test-method is-config="true" signature="setUp(java.lang.String,java.lang.String)[pri:0, instance:testCases.TC002_LoginTest@293d0107]" started-at="2024-12-08T14:16:26 IST" name="setUp" finished-at="2024-12-08T14:16:34 IST" duration-ms="8724" status="PASS">
          <params>
            <param index="0">
              <value>
                <![CDATA[windows]]>
              </value>
            </param>
            <param index="1">
              <value>
                <![CDATA[edge]]>
              </value>
            </param>
          </params>
          <reporter-output>
          </reporter-output>
        </test-method> <!-- setUp -->
        <test-method signature="verifyLogin()[pri:0, instance:testCases.TC002_LoginTest@293d0107]" started-at="2024-12-08T14:16:34 IST" name="verifyLogin" finished-at="2024-12-08T14:16:41 IST" duration-ms="6419" status="PASS">
          <reporter-output>
          </reporter-output>
        </test-method> <!-- verifyLogin -->
        <test-method is-config="true" signature="tearDown()[pri:0, instance:testCases.TC002_LoginTest@293d0107]" started-at="2024-12-08T14:16:41 IST" name="tearDown" finished-at="2024-12-08T14:16:46 IST" duration-ms="5334" status="PASS">
          <reporter-output>
          </reporter-output>
        </test-method> <!-- tearDown -->
      </class> <!-- testCases.TC002_LoginTest -->
      <class name="testCases.TC003_DDTLoginTest">
        <test-method is-config="true" signature="setUp(java.lang.String,java.lang.String)[pri:0, instance:testCases.TC003_DDTLoginTest@2692b61e]" started-at="2024-12-08T14:16:46 IST" name="setUp" finished-at="2024-12-08T14:16:56 IST" duration-ms="9616" status="PASS">
          <params>
            <param index="0">
              <value>
                <![CDATA[windows]]>
              </value>
            </param>
            <param index="1">
              <value>
                <![CDATA[edge]]>
              </value>
            </param>
          </params>
          <reporter-output>
          </reporter-output>
        </test-method> <!-- setUp -->
        <test-method signature="VerifyLoginDDt(java.lang.String,java.lang.String,java.lang.String)[pri:0, instance:testCases.TC003_DDTLoginTest@2692b61e]" started-at="2024-12-08T14:16:58 IST" name="VerifyLoginDDt" data-provider="loginData" finished-at="2024-12-08T14:17:03 IST" duration-ms="4959" status="PASS">
          <params>
            <param index="0">
              <value>
                <![CDATA[talib123@yopmail.com]]>
              </value>
            </param>
            <param index="1">
              <value>
                <![CDATA[Talib@123]]>
              </value>
            </param>
            <param index="2">
              <value>
                <![CDATA[Valid]]>
              </value>
            </param>
          </params>
          <reporter-output>
          </reporter-output>
        </test-method> <!-- VerifyLoginDDt -->
        <test-method signature="VerifyLoginDDt(java.lang.String,java.lang.String,java.lang.String)[pri:0, instance:testCases.TC003_DDTLoginTest@2692b61e]" started-at="2024-12-08T14:17:03 IST" name="VerifyLoginDDt" data-provider="loginData" finished-at="2024-12-08T14:17:17 IST" duration-ms="13330" status="PASS">
          <params>
            <param index="0">
              <value>
                <![CDATA[talib14@yopmail.com]]>
              </value>
            </param>
            <param index="1">
              <value>
                <![CDATA[Talib@123]]>
              </value>
            </param>
            <param index="2">
              <value>
                <![CDATA[Invalid]]>
              </value>
            </param>
          </params>
          <reporter-output>
          </reporter-output>
        </test-method> <!-- VerifyLoginDDt -->
        <test-method signature="VerifyLoginDDt(java.lang.String,java.lang.String,java.lang.String)[pri:0, instance:testCases.TC003_DDTLoginTest@2692b61e]" started-at="2024-12-08T14:17:17 IST" name="VerifyLoginDDt" data-provider="loginData" finished-at="2024-12-08T14:17:33 IST" duration-ms="15998" status="PASS">
          <params>
            <param index="0">
              <value>
                <![CDATA[talib13@yopmail.com]]>
              </value>
            </param>
            <param index="1">
              <value>
                <![CDATA[Talib@123456]]>
              </value>
            </param>
            <param index="2">
              <value>
                <![CDATA[Invalid]]>
              </value>
            </param>
          </params>
          <reporter-output>
          </reporter-output>
        </test-method> <!-- VerifyLoginDDt -->
        <test-method signature="VerifyLoginDDt(java.lang.String,java.lang.String,java.lang.String)[pri:0, instance:testCases.TC003_DDTLoginTest@2692b61e]" started-at="2024-12-08T14:17:33 IST" name="VerifyLoginDDt" data-provider="loginData" finished-at="2024-12-08T14:17:36 IST" duration-ms="3285" status="PASS">
          <params>
            <param index="0">
              <value>
                <![CDATA[talib123@yopmail.com]]>
              </value>
            </param>
            <param index="1">
              <value>
                <![CDATA[Talib@123]]>
              </value>
            </param>
            <param index="2">
              <value>
                <![CDATA[Valid]]>
              </value>
            </param>
          </params>
          <reporter-output>
          </reporter-output>
        </test-method> <!-- VerifyLoginDDt -->
        <test-method is-config="true" signature="tearDown()[pri:0, instance:testCases.TC003_DDTLoginTest@2692b61e]" started-at="2024-12-08T14:17:36 IST" name="tearDown" finished-at="2024-12-08T14:17:38 IST" duration-ms="2239" status="PASS">
          <reporter-output>
          </reporter-output>
        </test-method> <!-- tearDown -->
      </class> <!-- testCases.TC003_DDTLoginTest -->
      <class name="testCases.TC001_AccountRegistrationTest">
        <test-method is-config="true" signature="setUp(java.lang.String,java.lang.String)[pri:0, instance:testCases.TC001_AccountRegistrationTest@7e3060d8]" started-at="2024-12-08T14:15:54 IST" name="setUp" finished-at="2024-12-08T14:16:08 IST" duration-ms="14047" status="PASS">
          <params>
            <param index="0">
              <value>
                <![CDATA[windows]]>
              </value>
            </param>
            <param index="1">
              <value>
                <![CDATA[edge]]>
              </value>
            </param>
          </params>
          <reporter-output>
          </reporter-output>
        </test-method> <!-- setUp -->
        <test-method signature="verifyAccountRegistratioin()[pri:0, instance:testCases.TC001_AccountRegistrationTest@7e3060d8]" started-at="2024-12-08T14:16:08 IST" name="verifyAccountRegistratioin" finished-at="2024-12-08T14:16:24 IST" duration-ms="15290" status="PASS">
          <reporter-output>
          </reporter-output>
        </test-method> <!-- verifyAccountRegistratioin -->
        <test-method is-config="true" signature="tearDown()[pri:0, instance:testCases.TC001_AccountRegistrationTest@7e3060d8]" started-at="2024-12-08T14:16:24 IST" name="tearDown" finished-at="2024-12-08T14:16:26 IST" duration-ms="2001" status="PASS">
          <reporter-output>
          </reporter-output>
        </test-method> <!-- tearDown -->
      </class> <!-- testCases.TC001_AccountRegistrationTest -->
    </test> <!-- EdgeTest -->
  </suite> <!-- Suite -->
</testng-results>
